<?xml version="1.0" encoding="UTF-8"?>
<testsuite name="com.stockmarkettracker.authservice.StockMarketTrackerApplicationTests" tests="1" skipped="0" failures="0" errors="0" timestamp="2024-06-23T17:23:34" hostname="precision-5560" time="0.4">
  <properties/>
  <testcase name="contextLoads()" classname="com.stockmarkettracker.authservice.StockMarketTrackerApplicationTests" time="0.4"/>
  <system-out><![CDATA[19:23:32.496 [Test worker] INFO org.springframework.test.context.support.AnnotationConfigContextLoaderUtils -- Could not detect default configuration classes for test class [com.stockmarkettracker.authservice.StockMarketTrackerApplicationTests]: StockMarketTrackerApplicationTests does not declare any static, non-private, non-final, nested classes annotated with @Configuration.
19:23:32.563 [Test worker] INFO org.springframework.boot.test.context.SpringBootTestContextBootstrapper -- Found @SpringBootConfiguration com.stockmarkettracker.authservice.AuthApplication for test class com.stockmarkettracker.authservice.StockMarketTrackerApplicationTests

  .   ____          _            __ _ _
 /\\ / ___'_ __ _ _(_)_ __  __ _ \ \ \ \
( ( )\___ | '_ | '_| | '_ \/ _` | \ \ \ \
 \\/  ___)| |_)| | | | | || (_| |  ) ) ) )
  '  |____| .__|_| |_|_| |_\__, | / / / /
 =========|_|==============|___/=/_/_/_/
 :: Spring Boot ::                (v3.2.5)

2024-06-23T19:23:32.806+02:00  INFO 8541 --- [stock-market-tracker] [    Test worker] c.s.a.StockMarketTrackerApplicationTests : Starting StockMarketTrackerApplicationTests using Java 17 with PID 8541 (started by mgojkovic in /home/mgojkovic/IdeaProjects/stock-market-tracker/auth-service)
2024-06-23T19:23:32.807+02:00  INFO 8541 --- [stock-market-tracker] [    Test worker] c.s.a.StockMarketTrackerApplicationTests : No active profile set, falling back to 1 default profile: "default"
2024-06-23T19:23:33.175+02:00  INFO 8541 --- [stock-market-tracker] [    Test worker] .s.d.r.c.RepositoryConfigurationDelegate : Multiple Spring Data modules found, entering strict repository configuration mode
2024-06-23T19:23:33.176+02:00  INFO 8541 --- [stock-market-tracker] [    Test worker] .s.d.r.c.RepositoryConfigurationDelegate : Bootstrapping Spring Data Reactive MongoDB repositories in DEFAULT mode.
2024-06-23T19:23:33.252+02:00  INFO 8541 --- [stock-market-tracker] [    Test worker] .s.d.r.c.RepositoryConfigurationDelegate : Finished Spring Data repository scanning in 73 ms. Found 1 Reactive MongoDB repository interface.
2024-06-23T19:23:33.580+02:00  INFO 8541 --- [stock-market-tracker] [    Test worker] org.mongodb.driver.client                : MongoClient with metadata {"driver": {"name": "mongo-java-driver|reactive-streams|spring-boot", "version": "4.11.2"}, "os": {"type": "Linux", "name": "Linux", "architecture": "amd64", "version": "6.5.0-41-generic"}, "platform": "Java/SAP SE/17+35-LTS"} created with settings MongoClientSettings{readPreference=primary, writeConcern=WriteConcern{w=null, wTimeout=null ms, journal=null}, retryWrites=true, retryReads=true, readConcern=ReadConcern{level=null}, credential=null, transportSettings=NettyTransportSettings{eventLoopGroup=io.netty.channel.nio.NioEventLoopGroup@7f27f59b, socketChannelClass=null, allocator=null, sslContext=null}, streamFactoryFactory=null, commandListeners=[], codecRegistry=ProvidersCodecRegistry{codecProviders=[ValueCodecProvider{}, BsonValueCodecProvider{}, DBRefCodecProvider{}, DBObjectCodecProvider{}, DocumentCodecProvider{}, CollectionCodecProvider{}, IterableCodecProvider{}, MapCodecProvider{}, GeoJsonCodecProvider{}, GridFSFileCodecProvider{}, Jsr310CodecProvider{}, JsonObjectCodecProvider{}, BsonCodecProvider{}, EnumCodecProvider{}, com.mongodb.client.model.mql.ExpressionCodecProvider@59fc6d05, com.mongodb.Jep395RecordCodecProvider@78307a56, com.mongodb.KotlinCodecProvider@40d52be7]}, loggerSettings=LoggerSettings{maxDocumentLength=1000}, clusterSettings={hosts=[localhost:27017], srvServiceName=mongodb, mode=SINGLE, requiredClusterType=UNKNOWN, requiredReplicaSetName='null', serverSelector='null', clusterListeners='[]', serverSelectionTimeout='30000 ms', localThreshold='15 ms'}, socketSettings=SocketSettings{connectTimeoutMS=10000, readTimeoutMS=0, receiveBufferSize=0, proxySettings=ProxySettings{host=null, port=null, username=null, password=null}}, heartbeatSocketSettings=SocketSettings{connectTimeoutMS=10000, readTimeoutMS=10000, receiveBufferSize=0, proxySettings=ProxySettings{host=null, port=null, username=null, password=null}}, connectionPoolSettings=ConnectionPoolSettings{maxSize=100, minSize=0, maxWaitTimeMS=120000, maxConnectionLifeTimeMS=0, maxConnectionIdleTimeMS=0, maintenanceInitialDelayMS=0, maintenanceFrequencyMS=60000, connectionPoolListeners=[], maxConnecting=2}, serverSettings=ServerSettings{heartbeatFrequencyMS=10000, minHeartbeatFrequencyMS=500, serverListeners='[]', serverMonitorListeners='[]'}, sslSettings=SslSettings{enabled=false, invalidHostNameAllowed=false, context=null}, applicationName='null', compressorList=[], uuidRepresentation=JAVA_LEGACY, serverApi=null, autoEncryptionSettings=null, dnsClient=null, inetAddressResolver=null, contextProvider=null}
2024-06-23T19:23:33.646+02:00  INFO 8541 --- [stock-market-tracker] [localhost:27017] org.mongodb.driver.cluster               : Monitor thread successfully connected to server with description ServerDescription{address=localhost:27017, type=STANDALONE, state=CONNECTED, ok=true, minWireVersion=0, maxWireVersion=21, maxDocumentSize=16777216, logicalSessionTimeoutMinutes=30, roundTripTimeNanos=42060510}
2024-06-23T19:23:34.119+02:00  INFO 8541 --- [stock-market-tracker] [    Test worker] c.s.a.StockMarketTrackerApplicationTests : Started StockMarketTrackerApplicationTests in 1.472 seconds (process running for 2.044)
]]></system-out>
  <system-err><![CDATA[]]></system-err>
</testsuite>
